# JRE version: OpenJDK Runtime Environment Temurin-17.0.10+7 (17.0.10+7) (build 17.0.10+7)
# Java VM: OpenJDK 64-Bit Server VM Temurin-17.0.10+7 (17.0.10+7, mixed mode, tiered, compressed oops, compressed class ptrs, parallel gc, windows-amd64)
GC Precious Log:
 CPUs: 8 total, 8 available
 Memory: 16295M
 Large Page Support: Disabled
 NUMA Support: Disabled
 Compressed Oops: Enabled (32-bit)
 Alignments: Space 512K, Generation 512K, Heap 2M
 Heap Min Capacity: 100M
 Heap Initial Capacity: 100M
 Heap Max Capacity: 1G
 Pre-touch: Disabled
 Parallel Workers: 8
Heap:
 PSYoungGen      total 5120K, used 5089K [0x00000000eab00000, 0x00000000eb480000, 0x0000000100000000)
  eden space 4608K, 99% used [0x00000000eab00000,0x00000000eaf7fff0,0x00000000eaf80000)
  from space 512K, 94% used [0x00000000eb200000,0x00000000eb278788,0x00000000eb280000)
  to   space 2560K, 47% used [0x00000000eaf80000,0x00000000eb0b2378,0x00000000eb200000)
 ParOldGen       total 181248K, used 164616K [0x00000000c0000000, 0x00000000cb100000, 0x00000000eab00000)
  object space 181248K, 90% used [0x00000000c0000000,0x00000000ca0c2358,0x00000000cb100000)
 Metaspace       used 77476K, committed 78848K, reserved 1179648K
  class space    used 8274K, committed 8832K, reserved 1048576K
GC Heap History (20 events):
Event: 17.748 GC heap after
{Heap after GC invocations=232 (full 9):
 PSYoungGen      total 4096K, used 775K [0x00000000eab00000, 0x00000000eb080000, 0x0000000100000000)
  eden space 3072K, 0% used [0x00000000eab00000,0x00000000eab00000,0x00000000eae00000)
  from space 1024K, 75% used [0x00000000eae00000,0x00000000eaec1fd8,0x00000000eaf00000)
  to   space 1024K, 0% used [0x00000000eaf80000,0x00000000eaf80000,0x00000000eb080000)
 ParOldGen       total 181248K, used 155397K [0x00000000c0000000, 0x00000000cb100000, 0x00000000eab00000)
  object space 181248K, 85% used [0x00000000c0000000,0x00000000c97c1790,0x00000000cb100000)
 Metaspace       used 77465K, committed 78848K, reserved 1179648K
  class space    used 8273K, committed 8832K, reserved 1048576K
}
Event: 17.752 GC heap before
{Heap before GC invocations=233 (full 9):
 PSYoungGen      total 4096K, used 3847K [0x00000000eab00000, 0x00000000eb080000, 0x0000000100000000)
  eden space 3072K, 100% used [0x00000000eab00000,0x00000000eae00000,0x00000000eae00000)
  from space 1024K, 75% used [0x00000000eae00000,0x00000000eaec1fd8,0x00000000eaf00000)
  to   space 1024K, 0% used [0x00000000eaf80000,0x00000000eaf80000,0x00000000eb080000)
 ParOldGen       total 181248K, used 155397K [0x00000000c0000000, 0x00000000cb100000, 0x00000000eab00000)
  object space 181248K, 85% used [0x00000000c0000000,0x00000000c97c1790,0x00000000cb100000)
 Metaspace       used 77465K, committed 78848K, reserved 1179648K
  class space    used 8273K, committed 8832K, reserved 1048576K
}
Event: 17.753 GC heap after
{Heap after GC invocations=233 (full 9):
 PSYoungGen      total 4608K, used 857K [0x00000000eab00000, 0x00000000eb100000, 0x0000000100000000)
  eden space 3584K, 0% used [0x00000000eab00000,0x00000000eab00000,0x00000000eae80000)
  from space 1024K, 83% used [0x00000000eaf80000,0x00000000eb056688,0x00000000eb080000)
  to   space 1024K, 0% used [0x00000000eae80000,0x00000000eae80000,0x00000000eaf80000)
 ParOldGen       total 181248K, used 156072K [0x00000000c0000000, 0x00000000cb100000, 0x00000000eab00000)
  object space 181248K, 86% used [0x00000000c0000000,0x00000000c986a2a8,0x00000000cb100000)
 Metaspace       used 77465K, committed 78848K, reserved 1179648K
  class space    used 8273K, committed 8832K, reserved 1048576K
}
Event: 17.759 GC heap before
{Heap before GC invocations=234 (full 9):
 PSYoungGen      total 4608K, used 4441K [0x00000000eab00000, 0x00000000eb100000, 0x0000000100000000)
  eden space 3584K, 100% used [0x00000000eab00000,0x00000000eae80000,0x00000000eae80000)
  from space 1024K, 83% used [0x00000000eaf80000,0x00000000eb056688,0x00000000eb080000)
  to   space 1024K, 0% used [0x00000000eae80000,0x00000000eae80000,0x00000000eaf80000)
 ParOldGen       total 181248K, used 156072K [0x00000000c0000000, 0x00000000cb100000, 0x00000000eab00000)
  object space 181248K, 86% used [0x00000000c0000000,0x00000000c986a2a8,0x00000000cb100000)
 Metaspace       used 77465K, committed 78848K, reserved 1179648K
  class space    used 8273K, committed 8832K, reserved 1048576K
}
Event: 17.760 GC heap after
{Heap after GC invocations=234 (full 9):
 PSYoungGen      total 4608K, used 978K [0x00000000eab00000, 0x00000000eb180000, 0x0000000100000000)
  eden space 3584K, 0% used [0x00000000eab00000,0x00000000eab00000,0x00000000eae80000)
  from space 1024K, 95% used [0x00000000eae80000,0x00000000eaf748c0,0x00000000eaf80000)
  to   space 1024K, 0% used [0x00000000eb080000,0x00000000eb080000,0x00000000eb180000)
 ParOldGen       total 181248K, used 156802K [0x00000000c0000000, 0x00000000cb100000, 0x00000000eab00000)
  object space 181248K, 86% used [0x00000000c0000000,0x00000000c9920890,0x00000000cb100000)
 Metaspace       used 77465K, committed 78848K, reserved 1179648K
  class space    used 8273K, committed 8832K, reserved 1048576K
}
Event: 17.769 GC heap before
{Heap before GC invocations=235 (full 9):
 PSYoungGen      total 4608K, used 4562K [0x00000000eab00000, 0x00000000eb180000, 0x0000000100000000)
  eden space 3584K, 100% used [0x00000000eab00000,0x00000000eae80000,0x00000000eae80000)
  from space 1024K, 95% used [0x00000000eae80000,0x00000000eaf748c0,0x00000000eaf80000)
  to   space 1024K, 0% used [0x00000000eb080000,0x00000000eb080000,0x00000000eb180000)
 ParOldGen       total 181248K, used 156802K [0x00000000c0000000, 0x00000000cb100000, 0x00000000eab00000)
  object space 181248K, 86% used [0x00000000c0000000,0x00000000c9920890,0x00000000cb100000)
 Metaspace       used 77465K, committed 78848K, reserved 1179648K
  class space    used 8273K, committed 8832K, reserved 1048576K
}
Event: 17.770 GC heap after
{Heap after GC invocations=235 (full 9):
 PSYoungGen      total 4608K, used 970K [0x00000000eab00000, 0x00000000eb180000, 0x0000000100000000)
  eden space 3584K, 0% used [0x00000000eab00000,0x00000000eab00000,0x00000000eae80000)
  from space 1024K, 94% used [0x00000000eb080000,0x00000000eb172a88,0x00000000eb180000)
  to   space 1024K, 0% used [0x00000000eae80000,0x00000000eae80000,0x00000000eaf80000)
 ParOldGen       total 181248K, used 157654K [0x00000000c0000000, 0x00000000cb100000, 0x00000000eab00000)
  object space 181248K, 86% used [0x00000000c0000000,0x00000000c99f58d0,0x00000000cb100000)
 Metaspace       used 77465K, committed 78848K, reserved 1179648K
  class space    used 8273K, committed 8832K, reserved 1048576K
}
Event: 17.777 GC heap before
{Heap before GC invocations=236 (full 9):
 PSYoungGen      total 4608K, used 4554K [0x00000000eab00000, 0x00000000eb180000, 0x0000000100000000)
  eden space 3584K, 100% used [0x00000000eab00000,0x00000000eae80000,0x00000000eae80000)
  from space 1024K, 94% used [0x00000000eb080000,0x00000000eb172a88,0x00000000eb180000)
  to   space 1024K, 0% used [0x00000000eae80000,0x00000000eae80000,0x00000000eaf80000)
 ParOldGen       total 181248K, used 157654K [0x00000000c0000000, 0x00000000cb100000, 0x00000000eab00000)
  object space 181248K, 86% used [0x00000000c0000000,0x00000000c99f58d0,0x00000000cb100000)
 Metaspace       used 77466K, committed 78848K, reserved 1179648K
  class space    used 8273K, committed 8832K, reserved 1048576K
}
Event: 17.778 GC heap after
{Heap after GC invocations=236 (full 9):
 PSYoungGen      total 4608K, used 963K [0x00000000eab00000, 0x00000000eb180000, 0x0000000100000000)
  eden space 3584K, 0% used [0x00000000eab00000,0x00000000eab00000,0x00000000eae80000)
  from space 1024K, 94% used [0x00000000eae80000,0x00000000eaf70e48,0x00000000eaf80000)
  to   space 1024K, 0% used [0x00000000eb080000,0x00000000eb080000,0x00000000eb180000)
 ParOldGen       total 181248K, used 158499K [0x00000000c0000000, 0x00000000cb100000, 0x00000000eab00000)
  object space 181248K, 87% used [0x00000000c0000000,0x00000000c9ac8ce0,0x00000000cb100000)
 Metaspace       used 77466K, committed 78848K, reserved 1179648K
  class space    used 8273K, committed 8832K, reserved 1048576K
}
Event: 17.787 GC heap before
{Heap before GC invocations=237 (full 9):
 PSYoungGen      total 4608K, used 4547K [0x00000000eab00000, 0x00000000eb180000, 0x0000000100000000)
  eden space 3584K, 100% used [0x00000000eab00000,0x00000000eae80000,0x00000000eae80000)
  from space 1024K, 94% used [0x00000000eae80000,0x00000000eaf70e48,0x00000000eaf80000)
  to   space 1024K, 0% used [0x00000000eb080000,0x00000000eb080000,0x00000000eb180000)
 ParOldGen       total 181248K, used 158499K [0x00000000c0000000, 0x00000000cb100000, 0x00000000eab00000)
  object space 181248K, 87% used [0x00000000c0000000,0x00000000c9ac8ce0,0x00000000cb100000)
 Metaspace       used 77476K, committed 78848K, reserved 1179648K
  class space    used 8274K, committed 8832K, reserved 1048576K
}
Event: 17.788 GC heap after
{Heap after GC invocations=237 (full 9):
 PSYoungGen      total 5632K, used 962K [0x00000000eab00000, 0x00000000eb180000, 0x0000000100000000)
  eden space 4608K, 0% used [0x00000000eab00000,0x00000000eab00000,0x00000000eaf80000)
  from space 1024K, 94% used [0x00000000eb080000,0x00000000eb170a60,0x00000000eb180000)
  to   space 1024K, 0% used [0x00000000eaf80000,0x00000000eaf80000,0x00000000eb080000)
 ParOldGen       total 181248K, used 159388K [0x00000000c0000000, 0x00000000cb100000, 0x00000000eab00000)
  object space 181248K, 87% used [0x00000000c0000000,0x00000000c9ba7190,0x00000000cb100000)
 Metaspace       used 77476K, committed 78848K, reserved 1179648K
  class space    used 8274K, committed 8832K, reserved 1048576K
}
Event: 17.799 GC heap before
{Heap before GC invocations=238 (full 9):
 PSYoungGen      total 5632K, used 5570K [0x00000000eab00000, 0x00000000eb180000, 0x0000000100000000)
  eden space 4608K, 100% used [0x00000000eab00000,0x00000000eaf80000,0x00000000eaf80000)
  from space 1024K, 94% used [0x00000000eb080000,0x00000000eb170a60,0x00000000eb180000)
  to   space 1024K, 0% used [0x00000000eaf80000,0x00000000eaf80000,0x00000000eb080000)
 ParOldGen       total 181248K, used 159388K [0x00000000c0000000, 0x00000000cb100000, 0x00000000eab00000)
  object space 181248K, 87% used [0x00000000c0000000,0x00000000c9ba7190,0x00000000cb100000)
 Metaspace       used 77476K, committed 78848K, reserved 1179648K
  class space    used 8274K, committed 8832K, reserved 1048576K
}
Event: 17.800 GC heap after
{Heap after GC invocations=238 (full 9):
 PSYoungGen      total 5632K, used 1005K [0x00000000eab00000, 0x00000000eb480000, 0x0000000100000000)
  eden space 4608K, 0% used [0x00000000eab00000,0x00000000eab00000,0x00000000eaf80000)
  from space 1024K, 98% used [0x00000000eaf80000,0x00000000eb07b4e0,0x00000000eb080000)
  to   space 2560K, 0% used [0x00000000eb200000,0x00000000eb200000,0x00000000eb480000)
 ParOldGen       total 181248K, used 160341K [0x00000000c0000000, 0x00000000cb100000, 0x00000000eab00000)
  object space 181248K, 88% used [0x00000000c0000000,0x00000000c9c95428,0x00000000cb100000)
 Metaspace       used 77476K, committed 78848K, reserved 1179648K
  class space    used 8274K, committed 8832K, reserved 1048576K
}
Event: 17.812 GC heap before
{Heap before GC invocations=239 (full 9):
 PSYoungGen      total 5632K, used 5613K [0x00000000eab00000, 0x00000000eb480000, 0x0000000100000000)
  eden space 4608K, 100% used [0x00000000eab00000,0x00000000eaf80000,0x00000000eaf80000)
  from space 1024K, 98% used [0x00000000eaf80000,0x00000000eb07b4e0,0x00000000eb080000)
  to   space 2560K, 0% used [0x00000000eb200000,0x00000000eb200000,0x00000000eb480000)
 ParOldGen       total 181248K, used 160341K [0x00000000c0000000, 0x00000000cb100000, 0x00000000eab00000)
  object space 181248K, 88% used [0x00000000c0000000,0x00000000c9c95428,0x00000000cb100000)
 Metaspace       used 77476K, committed 78848K, reserved 1179648K
  class space    used 8274K, committed 8832K, reserved 1048576K
}
Event: 17.813 GC heap after
{Heap after GC invocations=239 (full 9):
 PSYoungGen      total 6144K, used 1230K [0x00000000eab00000, 0x00000000eb380000, 0x0000000100000000)
  eden space 4608K, 0% used [0x00000000eab00000,0x00000000eab00000,0x00000000eaf80000)
  from space 1536K, 80% used [0x00000000eb200000,0x00000000eb333ac8,0x00000000eb380000)
  to   space 1536K, 0% used [0x00000000eb080000,0x00000000eb080000,0x00000000eb200000)
 ParOldGen       total 181248K, used 161296K [0x00000000c0000000, 0x00000000cb100000, 0x00000000eab00000)
  object space 181248K, 88% used [0x00000000c0000000,0x00000000c9d843f8,0x00000000cb100000)
 Metaspace       used 77476K, committed 78848K, reserved 1179648K
  class space    used 8274K, committed 8832K, reserved 1048576K
}
Event: 17.843 GC heap before
{Heap before GC invocations=240 (full 9):
 PSYoungGen      total 6144K, used 5838K [0x00000000eab00000, 0x00000000eb380000, 0x0000000100000000)
  eden space 4608K, 100% used [0x00000000eab00000,0x00000000eaf80000,0x00000000eaf80000)
  from space 1536K, 80% used [0x00000000eb200000,0x00000000eb333ac8,0x00000000eb380000)
  to   space 1536K, 0% used [0x00000000eb080000,0x00000000eb080000,0x00000000eb200000)
 ParOldGen       total 181248K, used 161296K [0x00000000c0000000, 0x00000000cb100000, 0x00000000eab00000)
  object space 181248K, 88% used [0x00000000c0000000,0x00000000c9d843f8,0x00000000cb100000)
 Metaspace       used 77476K, committed 78848K, reserved 1179648K
  class space    used 8274K, committed 8832K, reserved 1048576K
}
Event: 17.844 GC heap after
{Heap after GC invocations=240 (full 9):
 PSYoungGen      total 6144K, used 1257K [0x00000000eab00000, 0x00000000eb280000, 0x0000000100000000)
  eden space 4608K, 0% used [0x00000000eab00000,0x00000000eab00000,0x00000000eaf80000)
  from space 1536K, 81% used [0x00000000eb080000,0x00000000eb1ba4a8,0x00000000eb200000)
  to   space 512K, 0% used [0x00000000eb200000,0x00000000eb200000,0x00000000eb280000)
 ParOldGen       total 181248K, used 162406K [0x00000000c0000000, 0x00000000cb100000, 0x00000000eab00000)
  object space 181248K, 89% used [0x00000000c0000000,0x00000000c9e99b18,0x00000000cb100000)
 Metaspace       used 77476K, committed 78848K, reserved 1179648K
  class space    used 8274K, committed 8832K, reserved 1048576K
}
Event: 17.853 GC heap before
{Heap before GC invocations=241 (full 9):
 PSYoungGen      total 6144K, used 5845K [0x00000000eab00000, 0x00000000eb280000, 0x0000000100000000)
  eden space 4608K, 99% used [0x00000000eab00000,0x00000000eaf7b350,0x00000000eaf80000)
  from space 1536K, 81% used [0x00000000eb080000,0x00000000eb1ba4a8,0x00000000eb200000)
  to   space 512K, 0% used [0x00000000eb200000,0x00000000eb200000,0x00000000eb280000)
 ParOldGen       total 181248K, used 162406K [0x00000000c0000000, 0x00000000cb100000, 0x00000000eab00000)
  object space 181248K, 89% used [0x00000000c0000000,0x00000000c9e99b18,0x00000000cb100000)
 Metaspace       used 77476K, committed 78848K, reserved 1179648K
  class space    used 8274K, committed 8832K, reserved 1048576K
}
Event: 17.854 GC heap after
{Heap after GC invocations=241 (full 9):
 PSYoungGen      total 5120K, used 481K [0x00000000eab00000, 0x00000000eb480000, 0x0000000100000000)
  eden space 4608K, 0% used [0x00000000eab00000,0x00000000eab00000,0x00000000eaf80000)
  from space 512K, 94% used [0x00000000eb200000,0x00000000eb278788,0x00000000eb280000)
  to   space 2560K, 0% used [0x00000000eaf80000,0x00000000eaf80000,0x00000000eb200000)
 ParOldGen       total 181248K, used 164085K [0x00000000c0000000, 0x00000000cb100000, 0x00000000eab00000)
  object space 181248K, 90% used [0x00000000c0000000,0x00000000ca03d5c0,0x00000000cb100000)
 Metaspace       used 77476K, committed 78848K, reserved 1179648K
  class space    used 8274K, committed 8832K, reserved 1048576K
}
Event: 17.873 GC heap before
{Heap before GC invocations=242 (full 9):
 PSYoungGen      total 5120K, used 5089K [0x00000000eab00000, 0x00000000eb480000, 0x0000000100000000)
  eden space 4608K, 99% used [0x00000000eab00000,0x00000000eaf7fff0,0x00000000eaf80000)
  from space 512K, 94% used [0x00000000eb200000,0x00000000eb278788,0x00000000eb280000)
  to   space 2560K, 0% used [0x00000000eaf80000,0x00000000eaf80000,0x00000000eb200000)
 ParOldGen       total 181248K, used 164085K [0x00000000c0000000, 0x00000000cb100000, 0x00000000eab00000)
  object space 181248K, 90% used [0x00000000c0000000,0x00000000ca03d5c0,0x00000000cb100000)
 Metaspace       used 77476K, committed 78848K, reserved 1179648K
  class space    used 8274K, committed 8832K, reserved 1048576K
}

